[debug] [2025-11-14T04:35:29.895Z] ----------------------------------------------------------------------
[debug] [2025-11-14T04:35:29.896Z] Command:       /home/stephen/.nvm/versions/node/v22.17.0/bin/node /home/stephen/.nvm/versions/node/v22.17.0/bin/firebase init
[debug] [2025-11-14T04:35:29.897Z] CLI Version:   14.23.0
[debug] [2025-11-14T04:35:29.897Z] Platform:      linux
[debug] [2025-11-14T04:35:29.897Z] Node Version:  v22.17.0
[debug] [2025-11-14T04:35:29.897Z] Time:          Thu Nov 13 2025 22:35:29 GMT-0600 (Central Standard Time)
[debug] [2025-11-14T04:35:29.897Z] ----------------------------------------------------------------------
[debug] 
[info] 
     ######## #### ########  ######## ########     ###     ######  ########
     ##        ##  ##     ## ##       ##     ##  ##   ##  ##       ##
     ######    ##  ########  ######   ########  #########  ######  ######
     ##        ##  ##    ##  ##       ##     ## ##     ##       ## ##
     ##       #### ##     ## ######## ########  ##     ##  ######  ########

You're about to initialize a Firebase project in this directory:

  /home/stephen/workspace/hd/packgelist-prototype

[info] 
=== Project Setup
[info] 
[info] First, let's associate this project directory with a Firebase project.
[info] You can create multiple project aliases by running firebase use --add, 
[info] 
[debug] [2025-11-14T04:35:31.877Z] > command requires scopes: ["email","openid","https://www.googleapis.com/auth/cloudplatformprojects.readonly","https://www.googleapis.com/auth/firebase","https://www.googleapis.com/auth/cloud-platform"]
[debug] [2025-11-14T04:35:31.878Z] > authorizing via signed-in user (stephen.fluin@gmail.com)
[debug] [2025-11-14T04:35:31.878Z] Checked if tokens are valid: true, expires at: 1763098360417
[debug] [2025-11-14T04:35:31.878Z] Checked if tokens are valid: true, expires at: 1763098360417
[debug] [2025-11-14T04:35:31.879Z] >>> [apiv2][query] GET https://firebase.googleapis.com/v1beta1/projects/prototype-packagelist [none]
[debug] [2025-11-14T04:35:32.209Z] <<< [apiv2][status] GET https://firebase.googleapis.com/v1beta1/projects/prototype-packagelist 200
[debug] [2025-11-14T04:35:32.210Z] <<< [apiv2][body] GET https://firebase.googleapis.com/v1beta1/projects/prototype-packagelist {"projectId":"prototype-packagelist","projectNumber":"361761623578","displayName":"prototype-packagelist","name":"projects/prototype-packagelist","resources":{"hostingSite":"prototype-packagelist"},"state":"ACTIVE","etag":"1_06718317-816a-4a97-b6a1-807068350b29"}
[info] i  Using project prototype-packagelist (prototype-packagelist) . 
[info] 
=== App Hosting Setup
[debug] [2025-11-14T04:35:32.224Z] Checked if tokens are valid: true, expires at: 1763098360417
[debug] [2025-11-14T04:35:32.224Z] Checked if tokens are valid: true, expires at: 1763098360417
[debug] [2025-11-14T04:35:32.224Z] >>> [apiv2][query] GET https://cloudbilling.googleapis.com/v1/projects/prototype-packagelist/billingInfo [none]
[debug] [2025-11-14T04:35:32.369Z] <<< [apiv2][status] GET https://cloudbilling.googleapis.com/v1/projects/prototype-packagelist/billingInfo 200
[debug] [2025-11-14T04:35:32.369Z] <<< [apiv2][body] GET https://cloudbilling.googleapis.com/v1/projects/prototype-packagelist/billingInfo {"name":"projects/prototype-packagelist/billingInfo","projectId":"prototype-packagelist","billingAccountName":"billingAccounts/00ADC0-1D5AAD-FE703D","billingEnabled":true}
[debug] [2025-11-14T04:35:32.369Z] Checked if tokens are valid: true, expires at: 1763098360417
[debug] [2025-11-14T04:35:32.369Z] Checked if tokens are valid: true, expires at: 1763098360417
[debug] [2025-11-14T04:35:32.369Z] >>> [apiv2][query] GET https://serviceusage.googleapis.com/v1/projects/prototype-packagelist/services/firebaseapphosting.googleapis.com [none]
[debug] [2025-11-14T04:35:32.369Z] >>> [apiv2][(partial)header] GET https://serviceusage.googleapis.com/v1/projects/prototype-packagelist/services/firebaseapphosting.googleapis.com x-goog-quota-user=projects/prototype-packagelist
[debug] [2025-11-14T04:35:32.862Z] <<< [apiv2][status] GET https://serviceusage.googleapis.com/v1/projects/prototype-packagelist/services/firebaseapphosting.googleapis.com 200
[debug] [2025-11-14T04:35:32.862Z] <<< [apiv2][body] GET https://serviceusage.googleapis.com/v1/projects/prototype-packagelist/services/firebaseapphosting.googleapis.com [omitted]
[debug] [2025-11-14T04:35:32.862Z] Checked if tokens are valid: true, expires at: 1763098360417
[debug] [2025-11-14T04:35:32.862Z] Checked if tokens are valid: true, expires at: 1763098360417
[debug] [2025-11-14T04:35:32.862Z] >>> [apiv2][query] POST https://serviceusage.googleapis.com/v1/projects/prototype-packagelist/services/firebaseapphosting.googleapis.com:enable [none]
[debug] [2025-11-14T04:35:32.862Z] >>> [apiv2][(partial)header] POST https://serviceusage.googleapis.com/v1/projects/prototype-packagelist/services/firebaseapphosting.googleapis.com:enable x-goog-quota-user=projects/prototype-packagelist
[debug] [2025-11-14T04:35:33.189Z] <<< [apiv2][status] POST https://serviceusage.googleapis.com/v1/projects/prototype-packagelist/services/firebaseapphosting.googleapis.com:enable 200
[debug] [2025-11-14T04:35:33.190Z] <<< [apiv2][body] POST https://serviceusage.googleapis.com/v1/projects/prototype-packagelist/services/firebaseapphosting.googleapis.com:enable [omitted]
[debug] [2025-11-14T04:35:43.207Z] Checked if tokens are valid: true, expires at: 1763098360417
[debug] [2025-11-14T04:35:43.207Z] Checked if tokens are valid: true, expires at: 1763098360417
[debug] [2025-11-14T04:35:43.208Z] Checked if tokens are valid: true, expires at: 1763098360417
[debug] [2025-11-14T04:35:43.208Z] Checked if tokens are valid: true, expires at: 1763098360417
[debug] [2025-11-14T04:35:43.208Z] Checked if tokens are valid: true, expires at: 1763098360417
[debug] [2025-11-14T04:35:43.208Z] Checked if tokens are valid: true, expires at: 1763098360417
[debug] [2025-11-14T04:35:43.208Z] Checked if tokens are valid: true, expires at: 1763098360417
[debug] [2025-11-14T04:35:43.208Z] Checked if tokens are valid: true, expires at: 1763098360417
[debug] [2025-11-14T04:35:43.208Z] Checked if tokens are valid: true, expires at: 1763098360417
[debug] [2025-11-14T04:35:43.208Z] Checked if tokens are valid: true, expires at: 1763098360417
[debug] [2025-11-14T04:35:43.208Z] Checked if tokens are valid: true, expires at: 1763098360417
[debug] [2025-11-14T04:35:43.208Z] Checked if tokens are valid: true, expires at: 1763098360417
[debug] [2025-11-14T04:35:43.208Z] >>> [apiv2][query] GET https://serviceusage.googleapis.com/v1/projects/prototype-packagelist/services/developerconnect.googleapis.com [none]
[debug] [2025-11-14T04:35:43.208Z] >>> [apiv2][(partial)header] GET https://serviceusage.googleapis.com/v1/projects/prototype-packagelist/services/developerconnect.googleapis.com x-goog-quota-user=projects/prototype-packagelist
[debug] [2025-11-14T04:35:43.210Z] >>> [apiv2][query] GET https://serviceusage.googleapis.com/v1/projects/prototype-packagelist/services/cloudbuild.googleapis.com [none]
[debug] [2025-11-14T04:35:43.210Z] >>> [apiv2][(partial)header] GET https://serviceusage.googleapis.com/v1/projects/prototype-packagelist/services/cloudbuild.googleapis.com x-goog-quota-user=projects/prototype-packagelist
[debug] [2025-11-14T04:35:43.211Z] >>> [apiv2][query] GET https://serviceusage.googleapis.com/v1/projects/prototype-packagelist/services/secretmanager.googleapis.com [none]
[debug] [2025-11-14T04:35:43.211Z] >>> [apiv2][(partial)header] GET https://serviceusage.googleapis.com/v1/projects/prototype-packagelist/services/secretmanager.googleapis.com x-goog-quota-user=projects/prototype-packagelist
[debug] [2025-11-14T04:35:43.211Z] >>> [apiv2][query] GET https://serviceusage.googleapis.com/v1/projects/prototype-packagelist/services/run.googleapis.com [none]
[debug] [2025-11-14T04:35:43.211Z] >>> [apiv2][(partial)header] GET https://serviceusage.googleapis.com/v1/projects/prototype-packagelist/services/run.googleapis.com x-goog-quota-user=projects/prototype-packagelist
[debug] [2025-11-14T04:35:43.212Z] >>> [apiv2][query] GET https://serviceusage.googleapis.com/v1/projects/prototype-packagelist/services/artifactregistry.googleapis.com [none]
[debug] [2025-11-14T04:35:43.212Z] >>> [apiv2][(partial)header] GET https://serviceusage.googleapis.com/v1/projects/prototype-packagelist/services/artifactregistry.googleapis.com x-goog-quota-user=projects/prototype-packagelist
[debug] [2025-11-14T04:35:43.213Z] >>> [apiv2][query] GET https://serviceusage.googleapis.com/v1/projects/prototype-packagelist/services/iam.googleapis.com [none]
[debug] [2025-11-14T04:35:43.213Z] >>> [apiv2][(partial)header] GET https://serviceusage.googleapis.com/v1/projects/prototype-packagelist/services/iam.googleapis.com x-goog-quota-user=projects/prototype-packagelist
[debug] [2025-11-14T04:35:43.400Z] <<< [apiv2][status] GET https://serviceusage.googleapis.com/v1/projects/prototype-packagelist/services/iam.googleapis.com 200
[debug] [2025-11-14T04:35:43.401Z] <<< [apiv2][body] GET https://serviceusage.googleapis.com/v1/projects/prototype-packagelist/services/iam.googleapis.com [omitted]
[debug] [2025-11-14T04:35:43.418Z] <<< [apiv2][status] GET https://serviceusage.googleapis.com/v1/projects/prototype-packagelist/services/developerconnect.googleapis.com 200
[debug] [2025-11-14T04:35:43.418Z] <<< [apiv2][body] GET https://serviceusage.googleapis.com/v1/projects/prototype-packagelist/services/developerconnect.googleapis.com [omitted]
[debug] [2025-11-14T04:35:43.418Z] Checked if tokens are valid: true, expires at: 1763098360417
[debug] [2025-11-14T04:35:43.418Z] Checked if tokens are valid: true, expires at: 1763098360417
[debug] [2025-11-14T04:35:43.418Z] >>> [apiv2][query] POST https://serviceusage.googleapis.com/v1/projects/prototype-packagelist/services/developerconnect.googleapis.com:enable [none]
[debug] [2025-11-14T04:35:43.418Z] >>> [apiv2][(partial)header] POST https://serviceusage.googleapis.com/v1/projects/prototype-packagelist/services/developerconnect.googleapis.com:enable x-goog-quota-user=projects/prototype-packagelist
[debug] [2025-11-14T04:35:43.419Z] <<< [apiv2][status] GET https://serviceusage.googleapis.com/v1/projects/prototype-packagelist/services/cloudbuild.googleapis.com 200
[debug] [2025-11-14T04:35:43.419Z] <<< [apiv2][body] GET https://serviceusage.googleapis.com/v1/projects/prototype-packagelist/services/cloudbuild.googleapis.com [omitted]
[debug] [2025-11-14T04:35:43.425Z] <<< [apiv2][status] GET https://serviceusage.googleapis.com/v1/projects/prototype-packagelist/services/artifactregistry.googleapis.com 200
[debug] [2025-11-14T04:35:43.425Z] <<< [apiv2][body] GET https://serviceusage.googleapis.com/v1/projects/prototype-packagelist/services/artifactregistry.googleapis.com [omitted]
[debug] [2025-11-14T04:35:43.428Z] <<< [apiv2][status] GET https://serviceusage.googleapis.com/v1/projects/prototype-packagelist/services/run.googleapis.com 200
[debug] [2025-11-14T04:35:43.428Z] <<< [apiv2][body] GET https://serviceusage.googleapis.com/v1/projects/prototype-packagelist/services/run.googleapis.com [omitted]
[debug] [2025-11-14T04:35:43.446Z] <<< [apiv2][status] GET https://serviceusage.googleapis.com/v1/projects/prototype-packagelist/services/secretmanager.googleapis.com 200
[debug] [2025-11-14T04:35:43.446Z] <<< [apiv2][body] GET https://serviceusage.googleapis.com/v1/projects/prototype-packagelist/services/secretmanager.googleapis.com [omitted]
[debug] [2025-11-14T04:35:43.641Z] <<< [apiv2][status] POST https://serviceusage.googleapis.com/v1/projects/prototype-packagelist/services/developerconnect.googleapis.com:enable 200
[debug] [2025-11-14T04:35:43.641Z] <<< [apiv2][body] POST https://serviceusage.googleapis.com/v1/projects/prototype-packagelist/services/developerconnect.googleapis.com:enable [omitted]
[debug] [2025-11-14T04:35:53.661Z] Checked if tokens are valid: true, expires at: 1763098360417
[debug] [2025-11-14T04:35:53.661Z] Checked if tokens are valid: true, expires at: 1763098360417
[debug] [2025-11-14T04:35:53.662Z] >>> [apiv2][query] POST https://iam.googleapis.com/v1/projects/prototype-packagelist/serviceAccounts/firebase-app-hosting-compute@prototype-packagelist.iam.gserviceaccount.com:testIamPermissions [none]
[debug] [2025-11-14T04:35:53.662Z] >>> [apiv2][(partial)header] POST https://iam.googleapis.com/v1/projects/prototype-packagelist/serviceAccounts/firebase-app-hosting-compute@prototype-packagelist.iam.gserviceaccount.com:testIamPermissions x-goog-quota-user=projects/prototype-packagelist
[debug] [2025-11-14T04:35:53.662Z] >>> [apiv2][body] POST https://iam.googleapis.com/v1/projects/prototype-packagelist/serviceAccounts/firebase-app-hosting-compute@prototype-packagelist.iam.gserviceaccount.com:testIamPermissions {"permissions":["iam.serviceAccounts.actAs"]}
[debug] [2025-11-14T04:35:53.911Z] <<< [apiv2][status] POST https://iam.googleapis.com/v1/projects/prototype-packagelist/serviceAccounts/firebase-app-hosting-compute@prototype-packagelist.iam.gserviceaccount.com:testIamPermissions 404
[debug] [2025-11-14T04:35:53.911Z] <<< [apiv2][body] POST https://iam.googleapis.com/v1/projects/prototype-packagelist/serviceAccounts/firebase-app-hosting-compute@prototype-packagelist.iam.gserviceaccount.com:testIamPermissions {"error":{"code":404,"message":"Unknown service account","status":"NOT_FOUND"}}
[debug] [2025-11-14T04:35:53.912Z] Checked if tokens are valid: true, expires at: 1763098360417
[debug] [2025-11-14T04:35:53.912Z] Checked if tokens are valid: true, expires at: 1763098360417
[debug] [2025-11-14T04:35:53.912Z] >>> [apiv2][query] POST https://iam.googleapis.com/v1/projects/prototype-packagelist/serviceAccounts [none]
[debug] [2025-11-14T04:35:53.912Z] >>> [apiv2][body] POST https://iam.googleapis.com/v1/projects/prototype-packagelist/serviceAccounts {"accountId":"firebase-app-hosting-compute","serviceAccount":{"displayName":"Firebase App Hosting compute service account","description":"Default service account used to run builds and deploys for Firebase App Hosting"}}
